<?xml version="1.0" encoding="UTF-8"?>
<!-- Generated by org.testng.reporters.JUnitXMLReporter -->
<testsuite hostname="DESKTOP-01THEB1" ignored="0" name="Regression" tests="1" failures="1" timestamp="04 Apr 2019 15:32:29 GMT" time="49.163" errors="0">
  <testcase name="buyEmbroidedSaree" time="32.126" classname="com.craftsvilla.testscripts.EmbroidedSareesScripts">
    <failure type="java.lang.AssertionError" message="null">
      <![CDATA[java.lang.AssertionError: null
at com.craftsvilla.testscripts.EmbroidedSareesScripts.buyEmbroidedSaree(EmbroidedSareesScripts.java:40)
... Removed 27 stack frames]]>
    </failure>
  </testcase> <!-- buyEmbroidedSaree -->
</testsuite> <!-- Regression -->
